<?xml version="1.0" encoding="UTF-8"?>
<!-- Generated by org.testng.reporters.JUnitReportReporter -->
<testsuite hostname="LAPTOP-GG5LC0BQ" failures="0" tests="3" name="QualityKioskTraining.CalculatorAPICICDDemo.AdditionTestCases" time="0.086" errors="0" timestamp="2021-05-15T10:14:33 IST" skipped="0">
  <testcase classname="QualityKioskTraining.CalculatorAPICICDDemo.AdditionTestCases" name="testAdditionWithPositiveNumber" time="0.064"/>
  <system-out/>
  <testcase classname="QualityKioskTraining.CalculatorAPICICDDemo.AdditionTestCases" name="testAdditionWithBothNegativeNumber" time="0.007"/>
  <system-out/>
  <testcase classname="QualityKioskTraining.CalculatorAPICICDDemo.AdditionTestCases" name="testAdditionWithOneNegativeNumber" time="0.015"/>
  <system-out/>
</testsuite> <!-- QualityKioskTraining.CalculatorAPICICDDemo.AdditionTestCases -->
