<?xml version="1.0" encoding="UTF-8"?>
<!-- Generated by org.testng.reporters.JUnitReportReporter -->
<testsuite hostname="LAPTOP-GG5LC0BQ" failures="0" tests="2" name="QualityKioskTraining.CalculatorAPICICDDemo.SubtractionTestCases" time="0.134" errors="0" timestamp="2021-05-15T11:37:59 IST" skipped="0">
  <testcase classname="QualityKioskTraining.CalculatorAPICICDDemo.SubtractionTestCases" name="testSubtractionWithBothNegativeNumber" time="0.130"/>
  <system-out/>
  <testcase classname="QualityKioskTraining.CalculatorAPICICDDemo.SubtractionTestCases" name="testSubtractionWithPositiveNumber" time="0.004"/>
  <system-out/>
</testsuite> <!-- QualityKioskTraining.CalculatorAPICICDDemo.SubtractionTestCases -->
